2025-03-24 07:22:20 error: uncaughtException: Cannot read properties of undefined (reading 'authenticate')
TypeError: Cannot read properties of undefined (reading 'authenticate')
    at Object.<anonymous> (C:\Users\aship\Desktop\Project-Kelmah\kelmah-backend\services\auth-service\server.js:69:4)
    at Module._compile (node:internal/modules/cjs/loader:1469:14)
    at Module._extensions..js (node:internal/modules/cjs/loader:1548:10)
    at Module.load (node:internal/modules/cjs/loader:1288:32)
    at Module._load (node:internal/modules/cjs/loader:1104:12)
    at Function.executeUserEntryPoint [as runMain] (node:internal/modules/run_main:174:12)
    at node:internal/main/run_main_module:28:49
2025-03-24 07:22:43 error: uncaughtException: Cannot read properties of undefined (reading 'authenticate')
TypeError: Cannot read properties of undefined (reading 'authenticate')
    at Object.<anonymous> (C:\Users\aship\Desktop\Project-Kelmah\kelmah-backend\services\auth-service\server.js:69:4)
    at Module._compile (node:internal/modules/cjs/loader:1469:14)
    at Module._extensions..js (node:internal/modules/cjs/loader:1548:10)
    at Module.load (node:internal/modules/cjs/loader:1288:32)
    at Module._load (node:internal/modules/cjs/loader:1104:12)
    at Function.executeUserEntryPoint [as runMain] (node:internal/modules/run_main:174:12)
    at node:internal/main/run_main_module:28:49
2025-03-24 07:23:45 error: uncaughtException: Cannot read properties of undefined (reading 'authenticate')
TypeError: Cannot read properties of undefined (reading 'authenticate')
    at Object.<anonymous> (C:\Users\aship\Desktop\Project-Kelmah\kelmah-backend\services\auth-service\server.js:69:4)
    at Module._compile (node:internal/modules/cjs/loader:1469:14)
    at Module._extensions..js (node:internal/modules/cjs/loader:1548:10)
    at Module.load (node:internal/modules/cjs/loader:1288:32)
    at Module._load (node:internal/modules/cjs/loader:1104:12)
    at Function.executeUserEntryPoint [as runMain] (node:internal/modules/run_main:174:12)
    at node:internal/main/run_main_module:28:49
2025-03-24 07:24:08 error: uncaughtException: Cannot read properties of undefined (reading 'authenticate')
TypeError: Cannot read properties of undefined (reading 'authenticate')
    at Object.<anonymous> (C:\Users\aship\Desktop\Project-Kelmah\kelmah-backend\services\auth-service\server.js:69:4)
    at Module._compile (node:internal/modules/cjs/loader:1469:14)
    at Module._extensions..js (node:internal/modules/cjs/loader:1548:10)
    at Module.load (node:internal/modules/cjs/loader:1288:32)
    at Module._load (node:internal/modules/cjs/loader:1104:12)
    at Function.executeUserEntryPoint [as runMain] (node:internal/modules/run_main:174:12)
    at node:internal/main/run_main_module:28:49
2025-03-24 07:24:57 error: uncaughtException: Cannot read properties of undefined (reading 'authenticate')
TypeError: Cannot read properties of undefined (reading 'authenticate')
    at Object.<anonymous> (C:\Users\aship\Desktop\Project-Kelmah\kelmah-backend\services\auth-service\server.js:69:4)
    at Module._compile (node:internal/modules/cjs/loader:1469:14)
    at Module._extensions..js (node:internal/modules/cjs/loader:1548:10)
    at Module.load (node:internal/modules/cjs/loader:1288:32)
    at Module._load (node:internal/modules/cjs/loader:1104:12)
    at Function.executeUserEntryPoint [as runMain] (node:internal/modules/run_main:174:12)
    at node:internal/main/run_main_module:28:49
2025-03-24 07:25:19 error: uncaughtException: Cannot read properties of undefined (reading 'authenticate')
C:\Users\aship\Desktop\Project-Kelmah\kelmah-backend\services\auth-service\server.js:69
  .authenticate()
   ^

TypeError: Cannot read properties of undefined (reading 'authenticate')
    at Object.<anonymous> (C:\Users\aship\Desktop\Project-Kelmah\kelmah-backend\services\auth-service\server.js:69:4)
    at Module._compile (node:internal/modules/cjs/loader:1469:14)
    at Module._extensions..js (node:internal/modules/cjs/loader:1548:10)
    at Module.load (node:internal/modules/cjs/loader:1288:32)
    at Module._load (node:internal/modules/cjs/loader:1104:12)
    at Module.require (node:internal/modules/cjs/loader:1311:19)
    at require (node:internal/modules/helpers:179:18)
    at [eval]:1:16
    at runScriptInThisContext (node:internal/vm:209:10)
    at node:internal/process/execution:118:14
2025-03-24 07:28:49 error: uncaughtException: Cannot read properties of undefined (reading 'authenticate')
TypeError: Cannot read properties of undefined (reading 'authenticate')
    at Object.<anonymous> (C:\Users\aship\Desktop\Project-Kelmah\kelmah-backend\services\auth-service\server.js:69:4)
    at Module._compile (node:internal/modules/cjs/loader:1469:14)
    at Module._extensions..js (node:internal/modules/cjs/loader:1548:10)
    at Module.load (node:internal/modules/cjs/loader:1288:32)
    at Module._load (node:internal/modules/cjs/loader:1104:12)
    at Function.executeUserEntryPoint [as runMain] (node:internal/modules/run_main:174:12)
    at node:internal/main/run_main_module:28:49
2025-03-24 20:50:38 error: uncaughtException: Cannot read properties of undefined (reading 'authenticate')
TypeError: Cannot read properties of undefined (reading 'authenticate')
    at Object.<anonymous> (C:\Users\aship\Desktop\Project-Kelmah\kelmah-backend\services\auth-service\server.js:69:4)
    at Module._compile (node:internal/modules/cjs/loader:1469:14)
    at Module._extensions..js (node:internal/modules/cjs/loader:1548:10)
    at Module.load (node:internal/modules/cjs/loader:1288:32)
    at Module._load (node:internal/modules/cjs/loader:1104:12)
    at Function.executeUserEntryPoint [as runMain] (node:internal/modules/run_main:174:12)
    at node:internal/main/run_main_module:28:49
2025-03-24 20:51:23 error: uncaughtException: Cannot read properties of undefined (reading 'authenticate')
TypeError: Cannot read properties of undefined (reading 'authenticate')
    at Object.<anonymous> (C:\Users\aship\Desktop\Project-Kelmah\kelmah-backend\services\auth-service\server.js:69:4)
    at Module._compile (node:internal/modules/cjs/loader:1469:14)
    at Module._extensions..js (node:internal/modules/cjs/loader:1548:10)
    at Module.load (node:internal/modules/cjs/loader:1288:32)
    at Module._load (node:internal/modules/cjs/loader:1104:12)
    at Function.executeUserEntryPoint [as runMain] (node:internal/modules/run_main:174:12)
    at node:internal/main/run_main_module:28:49
2025-03-24 20:51:44 error: uncaughtException: Cannot read properties of undefined (reading 'authenticate')
TypeError: Cannot read properties of undefined (reading 'authenticate')
    at Object.<anonymous> (C:\Users\aship\Desktop\Project-Kelmah\kelmah-backend\services\auth-service\server.js:79:4)
    at Module._compile (node:internal/modules/cjs/loader:1469:14)
    at Module._extensions..js (node:internal/modules/cjs/loader:1548:10)
    at Module.load (node:internal/modules/cjs/loader:1288:32)
    at Module._load (node:internal/modules/cjs/loader:1104:12)
    at Function.executeUserEntryPoint [as runMain] (node:internal/modules/run_main:174:12)
    at node:internal/main/run_main_module:28:49
2025-03-24 20:52:00 error: uncaughtException: Cannot read properties of undefined (reading 'authenticate')
TypeError: Cannot read properties of undefined (reading 'authenticate')
    at Object.<anonymous> (C:\Users\aship\Desktop\Project-Kelmah\kelmah-backend\services\auth-service\server.js:79:4)
    at Module._compile (node:internal/modules/cjs/loader:1469:14)
    at Module._extensions..js (node:internal/modules/cjs/loader:1548:10)
    at Module.load (node:internal/modules/cjs/loader:1288:32)
    at Module._load (node:internal/modules/cjs/loader:1104:12)
    at Function.executeUserEntryPoint [as runMain] (node:internal/modules/run_main:174:12)
    at node:internal/main/run_main_module:28:49
2025-03-24 20:53:12 error: uncaughtException: Cannot read properties of undefined (reading 'authenticate')
TypeError: Cannot read properties of undefined (reading 'authenticate')
    at Object.<anonymous> (C:\Users\aship\Desktop\Project-Kelmah\kelmah-backend\services\auth-service\server.js:79:4)
    at Module._compile (node:internal/modules/cjs/loader:1469:14)
    at Module._extensions..js (node:internal/modules/cjs/loader:1548:10)
    at Module.load (node:internal/modules/cjs/loader:1288:32)
    at Module._load (node:internal/modules/cjs/loader:1104:12)
    at Function.executeUserEntryPoint [as runMain] (node:internal/modules/run_main:174:12)
    at node:internal/main/run_main_module:28:49
2025-03-24 21:01:39 error: uncaughtException: Cannot read properties of undefined (reading 'authenticate')
TypeError: Cannot read properties of undefined (reading 'authenticate')
    at Object.<anonymous> (C:\Users\aship\Desktop\Project-Kelmah\kelmah-backend\services\auth-service\server.js:79:4)
    at Module._compile (node:internal/modules/cjs/loader:1469:14)
    at Module._extensions..js (node:internal/modules/cjs/loader:1548:10)
    at Module.load (node:internal/modules/cjs/loader:1288:32)
    at Module._load (node:internal/modules/cjs/loader:1104:12)
    at Function.executeUserEntryPoint [as runMain] (node:internal/modules/run_main:174:12)
    at node:internal/main/run_main_module:28:49
2025-03-24 21:02:22 error: uncaughtException: Cannot read properties of undefined (reading 'authenticate')
TypeError: Cannot read properties of undefined (reading 'authenticate')
    at Object.<anonymous> (C:\Users\aship\Desktop\Project-Kelmah\kelmah-backend\services\auth-service\server.js:79:4)
    at Module._compile (node:internal/modules/cjs/loader:1469:14)
    at Module._extensions..js (node:internal/modules/cjs/loader:1548:10)
    at Module.load (node:internal/modules/cjs/loader:1288:32)
    at Module._load (node:internal/modules/cjs/loader:1104:12)
    at Function.executeUserEntryPoint [as runMain] (node:internal/modules/run_main:174:12)
    at node:internal/main/run_main_module:28:49
2025-03-24 21:17:41 error: uncaughtException: User.hasMany called with something that's not a subclass of Sequelize.Model
Error: User.hasMany called with something that's not a subclass of Sequelize.Model
    at User.hasMany (C:\Users\aship\Desktop\Project-Kelmah\kelmah-backend\node_modules\sequelize\lib\associations\mixin.js:13:13)
    at User.associate (C:\Users\aship\Desktop\Project-Kelmah\kelmah-backend\services\auth-service\models\user.model.js:133:10)
    at C:\Users\aship\Desktop\Project-Kelmah\kelmah-backend\services\auth-service\models\index.js:26:19
    at Array.forEach (<anonymous>)
    at Object.<anonymous> (C:\Users\aship\Desktop\Project-Kelmah\kelmah-backend\services\auth-service\models\index.js:24:17)
    at Module._compile (node:internal/modules/cjs/loader:1469:14)
    at Module._extensions..js (node:internal/modules/cjs/loader:1548:10)
    at Module.load (node:internal/modules/cjs/loader:1288:32)
    at Module._load (node:internal/modules/cjs/loader:1104:12)
    at Module.require (node:internal/modules/cjs/loader:1311:19)
2025-03-25 01:09:39 error: uncaughtException: Cannot read properties of undefined (reading 'authenticate')
TypeError: Cannot read properties of undefined (reading 'authenticate')
    at Object.<anonymous> (C:\Users\aship\Desktop\Project-Kelmah\kelmah-backend\services\auth-service\server.js:79:4)
    at Module._compile (node:internal/modules/cjs/loader:1469:14)
    at Module._extensions..js (node:internal/modules/cjs/loader:1548:10)
    at Module.load (node:internal/modules/cjs/loader:1288:32)
    at Module._load (node:internal/modules/cjs/loader:1104:12)
    at Function.executeUserEntryPoint [as runMain] (node:internal/modules/run_main:174:12)
    at node:internal/main/run_main_module:28:49
2025-03-25 01:13:31 error: uncaughtException: Cannot read properties of undefined (reading 'authenticate')
TypeError: Cannot read properties of undefined (reading 'authenticate')
    at Object.<anonymous> (C:\Users\aship\Desktop\Project-Kelmah\kelmah-backend\services\auth-service\server.js:79:4)
    at Module._compile (node:internal/modules/cjs/loader:1469:14)
    at Module._extensions..js (node:internal/modules/cjs/loader:1548:10)
    at Module.load (node:internal/modules/cjs/loader:1288:32)
    at Module._load (node:internal/modules/cjs/loader:1104:12)
    at Function.executeUserEntryPoint [as runMain] (node:internal/modules/run_main:174:12)
    at node:internal/main/run_main_module:28:49
2025-03-25 01:13:40 error: uncaughtException: Cannot read properties of undefined (reading 'authenticate')
TypeError: Cannot read properties of undefined (reading 'authenticate')
    at Object.<anonymous> (C:\Users\aship\Desktop\Project-Kelmah\kelmah-backend\services\auth-service\server.js:79:4)
    at Module._compile (node:internal/modules/cjs/loader:1469:14)
    at Module._extensions..js (node:internal/modules/cjs/loader:1548:10)
    at Module.load (node:internal/modules/cjs/loader:1288:32)
    at Module._load (node:internal/modules/cjs/loader:1104:12)
    at Function.executeUserEntryPoint [as runMain] (node:internal/modules/run_main:174:12)
    at node:internal/main/run_main_module:28:49
2025-03-25 01:13:48 error: uncaughtException: Cannot read properties of undefined (reading 'authenticate')
TypeError: Cannot read properties of undefined (reading 'authenticate')
    at Object.<anonymous> (C:\Users\aship\Desktop\Project-Kelmah\kelmah-backend\services\auth-service\server.js:79:4)
    at Module._compile (node:internal/modules/cjs/loader:1469:14)
    at Module._extensions..js (node:internal/modules/cjs/loader:1548:10)
    at Module.load (node:internal/modules/cjs/loader:1288:32)
    at Module._load (node:internal/modules/cjs/loader:1104:12)
    at Function.executeUserEntryPoint [as runMain] (node:internal/modules/run_main:174:12)
    at node:internal/main/run_main_module:28:49
